1703.019000 
668.524000 
673.832000 
1288.090000 
664.334000 
99.245000 
1163.353000 
109.442000 
65.860000 
1187.099000 
68.165000 
71.029000 
67.048000 
69.632000 
92.959000 
1273.703000 
1078.635000 
50.426000 
78.362000 
58.667000 
740.741000 
54.407000 
1054.609000 
1145.613000 
66.908000 
67.677000 
78.153000 
147.854000 
75.499000 
69.493000 
88.699000 
4453.944000 
1161.328000 
44.838000 
780.899000 
2286.057000 
62.019000 
1178.299000 
54.895000 
1076.959000 
63.416000 
41.486000 
60.064000 
1125.010000 
84.159000 
93.867000 
1203.302000 
65.861000 
67.118000 
77.245000 
64.394000 
63.347000 
1188.496000 
7320.874000 
61.181000 
76.337000 
56.362000 
1510.745000 
54.267000 
61.041000 
82.064000 
1427.633000 
94.705000 
87.931000 
65.722000 
575.565000 
119.219000 
1090.927000 
1213.569000 
67.537000 
73.474000 
1167.753000 
1220.623000 
48.121000 
85.836000 
73.823000 
1104.476000 
95.403000 
66.489000 
62.439000 
991.682000 
66.838000 
66.698000 
729.706000 
40.578000 
144.503000 
130.325000 
44.210000 
50.495000 
34.851000 
72.147000 
4429.289000 
1107.410000 
102.179000 
59.365000 
65.791000 
1340.192000 
56.502000 
57.060000 
1183.118000 
68.235000 
95.124000 
56.293000 
58.667000 
57.131000 
1093.162000 
104.553000 
70.610000 
133.607000 
1328.738000 
1213.639000 
76.477000 
949.777000 
604.480000 
1643.375000 
1255.194000 
56.851000 
33.384000 
42.045000 
1640.720000 
1292.700000 
35.689000 
63.206000 
80.318000 
66.070000 
59.086000 
77.384000 
87.372000 
1103.778000 
78.781000 
64.115000 
77.664000 
72.286000 
4622.122000 
86.045000 
83.531000 
47.562000 
1173.200000 
1210.775000 
1217.760000 
77.245000 
112.864000 
74.940000 
72.915000 
81.016000 
83.321000 
59.017000 
1205.677000 
71.448000 
77.175000 
1190.172000 
548.885000 
74.871000 
1306.528000 
57.201000 
76.965000 
1234.242000 
58.667000 
73.473000 
1292.141000 
80.388000 
42.254000 
1226.350000 
990.983000 
32.476000 
59.575000 
92.051000 
1706.511000 
61.531000 
43.232000 
61.531000 
60.623000 
1410.941000 
749.331000 
56.223000 
84.928000 
172.229000 
1118.026000 
67.677000 
202.261000 
62.019000 
63.486000 
72.845000 
74.032000 
66.279000 
43.511000 
62.508000 
1171.035000 
69.423000 
611.325000 
79.620000 
592.048000 
69.074000 
49.168000 
88.210000 
150.369000 
110.071000 
50.356000 
111.607000 
95.823000 
105.252000 
96.382000 
93.937000 
2763.216000 
123.550000 
97.220000 
76.267000 
113.143000 
98.337000 
155.957000 
1233.544000 
773.776000 
111.887000 
125.435000 
1215.595000 
60.064000 
92.540000 
112.515000 
1150.223000 
959.695000 
69.771000 
64.185000 
54.826000 
122.223000 
1139.537000 
100.642000 
81.365000 
62.927000 
57.689000 
1233.194000 
87.512000 
41.416000 
49.798000 
105.252000 
1209.588000 
48.191000 
51.334000 
60.414000 
102.667000 
1250.515000 
1213.150000 
63.626000 
804.087000 
144.153000 
139.613000 
94.216000 
93.030000 
1177.322000 
154.490000 
72.216000 
133.468000 
54.896000 
77.035000 
58.248000 
104.903000 
112.864000 
6925.081000 
291.868000 
122.642000 
1180.255000 
66.419000 
50.705000 
111.258000 
105.531000 
139.194000 
1061.174000 
76.337000 
110.839000 
49.937000 
107.975000 
97.360000 
82.483000 
753.592000 
95.683000 
91.492000 
129.277000 
61.042000 
151.067000 
740.252000 
117.753000 
97.499000 
56.782000 
113.004000 
890.970000 
96.242000 
98.477000 
1188.496000 
1265.112000 
98.617000 
1172.852000 
59.994000 
50.985000 
167.270000 
70.260000 
73.404000 
95.753000 
595.470000 
1120.889000 
59.715000 
107.207000 
86.883000 
107.277000 
62.508000 
1335.024000 
4801.685000 
6284.634000 
59.575000 
114.680000 
60.203000 
1320.497000 
1251.214000 
89.118000 
612.022000 
69.073000 
1413.246000 
1152.807000 
38.622000 
86.324000 
110.000000 
127.880000 
108.185000 
192.275000 
131.582000 
1691.147000 
713.921000 
62.368000 
65.092000 
99.524000 
70.191000 
1450.821000 
101.690000 
1142.400000 
1116.559000 
1232.915000 
98.198000 
51.124000 
1187.238000 
127.252000 
67.188000 
88.140000 
1370.992000 
636.257000 
85.766000 
880.425000 
43.791000 
46.794000 
36.597000 
103.925000 
829.370000 
32.406000 
109.093000 
59.226000 
68.095000 
61.600000 
715.667000 
69.213000 
31.499000 
1073.886000 
1927.351000 
115.728000 
1463.323000 
62.857000 
54.965000 
58.178000 
69.772000 
162.242000 
48.540000 
94.915000 
102.109000 
136.331000 
113.702000 
67.048000 
67.677000 
1523.945000 
108.255000 
1304.572000 
42.463000 
68.584000 
156.306000 
97.708000 
105.461000 
1190.940000 
153.582000 
49.867000 
119.778000 
1313.164000 
49.587000 
83.111000 
104.833000 
1228.236000 
49.518000 
100.222000 
1174.039000 
98.267000 
48.051000 
1643.096000 
62.997000 
101.690000 
72.635000 
83.181000 
63.277000 
90.096000 
1179.486000 
97.220000 
114.540000 
99.944000 
103.436000 
114.960000 
48.121000 
62.020000 
77.803000 
1029.815000 
84.090000 
54.756000 
69.702000 
127.112000 
117.823000 
108.394000 
95.892000 
1166.566000 
95.194000 
114.819000 
65.651000 
81.575000 
65.441000 
67.537000 
93.588000 
88.210000 
90.096000 
109.651000 
765.953000 
104.692000 
113.213000 
62.299000 
73.962000 
103.575000 
55.454000 
107.696000 
160.287000 
96.591000 
95.823000 
63.486000 
55.454000 
1192.337000 
205.195000 
1101.753000 
64.883000 
45.537000 
73.264000 
1572.206000 
71.728000 
61.530000 
1166.286000 
35.270000 
71.448000 
1922.602000 
8792.718000 
42.114000 
67.257000 
1079.683000 
107.766000 
103.366000 
1289.836000 
887.757000 
1926.582000 
67.187000 
113.004000 
62.997000 
37.504000 
53.498000 
64.604000 
33.105000 
77.734000 
80.108000 
54.267000 
44.839000 
50.915000 
69.492000 
56.433000 
124.038000 
101.200000 
93.658000 
98.337000 
1491.539000 
27411.880000 
65.512000 
36.108000 
47.912000 
59.575000 
1160.210000 
58.109000 
1045.390000 
83.600000 
88.909000 
127.182000 
121.943000 
99.175000 
146.808000 
116.356000 
1044.202000 
113.562000 
777.128000 
158.820000 
63.905000 
32.407000 
99.873000 
92.470000 
802.202000 
93.518000 
1203.442000 
43.302000 
118.801000 
685.985000 
46.584000 
65.093000 
599.311000 
82.832000 
571.934000 
31.010000 
60.134000 
31.708000 
1228.166000 
85.417000 
88.280000 
92.470000 
5214.379000 
696.531000 
1051.187000 
1186.819000 
61.461000 
77.245000 
81.924000 
67.048000 
1066.413000 
1222.020000 
29.613000 
34.781000 
32.406000 
624.385000 
1309.602000 
63.486000 
1128.502000 
82.623000 
65.232000 
703.934000 
31.918000 
1018.851000 
920.094000 
61.740000 
707.356000 
76.268000 
962.698000 
63.487000 
53.009000 
94.915000 
2199.663000 
82.064000 
70.540000 
75.010000 
81.016000 
83.391000 
95.822000 
60.693000 
58.597000 
50.985000 
74.451000 
64.813000 
61.740000 
1206.236000 
4176.323000 
1421.977000 
88.140000 
85.975000 
79.550000 
223.353000 
858.843000 
32.197000 
796.265000 
1512.002000 
115.797000 
69.632000 
44.490000 
45.886000 
64.674000 
96.382000 
51.892000 
1139.397000 
77.175000 
63.975000 
73.892000 
58.737000 
1514.098000 
61.950000 
1252.192000 
889.922000 
1267.906000 
42.464000 
59.854000 
1233.264000 
1361.075000 
59.644000 
60.064000 
61.531000 
214.833000 
74.522000 
66.279000 
78.921000 
60.553000 
1111.879000 
64.534000 
5070.506000 
1349.900000 
57.759000 
710.500000 
40.997000 
65.371000 
84.229000 
50.565000 
100.641000 
109.302000 
50.985000 
121.594000 
75.149000 
846.202000 
65.791000 
102.947000 
67.747000 
61.042000 
134.934000 
50.635000 
1247.093000 
146.528000 
108.185000 
50.775000 
59.156000 
1477.222000 
26721.147000 
1155.182000 
68.655000 
1235.360000 
63.416000 
130.254000 
84.579000 
1595.743000 
1127.175000 
108.394000 
1173.829000 
92.471000 
1286.833000 
125.925000 
1239.062000 
58.527000 
48.750000 
110.070000 
113.423000 
64.324000 
49.728000 
75.988000 
111.816000 
1258.547000 
166.572000 
78.432000 
54.825000 
80.737000 
1443.069000 
52.800000 
154.280000 
88.629000 
62.299000 
55.245000 
83.670000 
1189.613000 
81.017000 
116.356000 
66.768000 
83.042000 
7134.886000 
67.258000 
56.712000 
1155.670000 
176.700000 
139.613000 
49.936000 
49.937000 
838.380000 
1164.121000 
113.981000 
49.448000 
116.287000 
66.699000 
67.747000 
68.235000 
1208.191000 
37.226000 
66.699000 
97.149000 
84.718000 
79.620000 
617.191000 
76.407000 
76.337000 
76.547000 
73.543000 
95.264000 
44.559000 
73.124000 
1251.144000 
79.969000 
1267.836000 
96.731000 
1091.276000 
47.632000 
105.950000 
44.629000 
109.791000 
49.378000 
123.061000 
1278.032000 
97.220000 
170.344000 
1188.984000 
97.290000 
93.518000 
831.046000 
3844.365000 
106.788000 
1369.455000 
161.055000 
92.959000 
71.099000 
73.334000 
67.048000 
81.505000 
89.188000 
64.254000 
504.396000 
68.026000 
69.982000 
57.270000 
114.121000 
89.258000 
101.899000 
103.854000 
135.004000 
33.384000 
143.245000 
1222.369000 
63.975000 
121.804000 
99.105000 
58.248000 
56.641000 
184.731000 
71.029000 
53.988000 
629.483000 
652.950000 
665.940000 
1698.759000 
654.416000 
95.893000 
36.178000 
7269.052000 
53.498000 
80.318000 
47.772000 
139.823000 
68.724000 
69.003000 
109.581000 
178.865000 
1244.369000 
64.533000 
86.115000 
64.324000 
1531.279000 
62.439000 
821.688000 
86.185000 
73.753000 
68.305000 
94.566000 
82.693000 
90.166000 
68.096000 
81.785000 
1547.622000 
52.800000 
66.838000 
29.613000 
66.140000 
52.032000 
59.156000 
66.280000 
69.982000 
45.397000 
66.000000 
32.477000 
60.622000 
29.543000 
59.645000 
33.804000 
708.893000 
50.146000 
931.268000 
69.213000 
61.042000 
31.987000 
103.925000 
37.156000 
83.112000 
43.721000 
67.257000 
38.344000 
223.773000 
47.074000 
77.664000 
36.737000 
1514.727000 
34.292000 
92.261000 
39.670000 
85.346000 
38.133000 
49.448000 
21.372000 
94.286000 
37.714000 
67.467000 
43.791000 
81.994000 
39.042000 
16280.794000 
47.003000 
55.734000 
60.134000 
80.667000 
1587.432000 
73.054000 
68.444000 
1154.623000 
1299.055000 
18914.593000 
61.182000 
81.785000 
86.813000 
81.226000 
82.483000 
93.588000 
35.829000 
29.613000 
1385.659000 
57.689000 
107.905000 
62.438000 
68.514000 
1170.477000 
38.762000 
19.207000 
100.572000 
47.213000 
56.432000 
26.120000 
632.346000 
58.598000 
70.679000 
21.022000 
79.620000 
40.369000 
86.255000 
36.527000 
59.575000 
21.860000 
1067.739000 
34.641000 
71.378000 
51.683000 
80.249000 
36.248000 
1154.902000 
51.474000 
68.655000 
42.534000 
84.369000 
37.994000 
225.938000 
64.813000 
1700.784000 
57.201000 
1585.127000 
1090.299000 
84.788000 
62.997000 
69.912000 
31.917000 
1214.477000 
54.686000 
72.915000 
1435.875000 
81.994000 
93.449000 
40.858000 
33.594000 
61.530000 
92.959000 
55.244000 
86.883000 
70.191000 
60.134000 
1991.885000 
59.644000 
70.680000 
50.076000 
6663.665000 
27.517000 
96.731000 
45.886000 
1100.844000 
78.851000 
1257.220000 
38.553000 
44.978000 
25.911000 
51.124000 
7705.353000 
100.292000 
38.204000 
84.019000 
38.553000 
100.502000 
40.927000 
87.861000 
48.470000 
63.416000 
80.248000 
68.305000 
1479.037000 
80.737000 
922.609000 
32.406000 
70.610000 
1105.524000 
77.245000 
62.998000 
25.842000 
66.209000 
62.509000 
76.617000 
37.296000 
100.572000 
38.832000 
59.645000 
1186.331000 
45.258000 
96.731000 
32.407000 
860.379000 
29.613000 
83.042000 
1040.850000 
660.702000 
4162.006000 
671.109000 
671.457000 
640.239000 
36.038000 
20.254000 
79.410000 
45.886000 
31.918000 
67.676000 
75.360000 
39.880000 
63.975000 
1712.378000 
28.216000 
37.575000 
83.880000 
909.479000 
86.813000 
75.150000 
87.023000 
54.197000 
66.839000 
63.975000 
60.552000 
36.108000 
75.220000 
55.315000 
1905.002000 
588.486000 
57.689000 
80.109000 
2640.993000 
94.915000 
30.940000 
97.220000 
37.016000 
67.258000 
79.480000 
61.391000 
36.737000 
74.940000 
37.505000 
57.270000 
96.870000 
50.635000 
954.247000 
83.880000 
57.620000 
53.149000 
106.160000 
37.855000 
66.559000 
81.435000 
38.693000 
21.790000 
63.207000 
89.398000 
59.155000 
64.674000 
75.848000 
35.759000 
2427.417000 
1217.550000 
7703.327000 
31.498000 
56.292000 
67.886000 
64.813000 
1141.283000 
59.645000 
1885.655000 
22.699000 
47.073000 
88.280000 
8605.962000 
54.337000 
68.166000 
1232.566000 
73.823000 
2193.168000 
39.181000 
88.140000 
68.166000 
76.617000 
72.635000 
60.762000 
113.842000 
90.724000 
48.260000 
1035.473000 
36.737000 
29.613000 
688.290000 
40.718000 
91.353000 
95.403000 
103.995000 
69.073000 
48.330000 
92.820000 
101.689000 
68.584000 
108.045000 
53.918000 
9039.469000 
104.274000 
143.804000 
90.654000 
95.404000 
105.671000 
105.042000 
103.854000 
71.587000 
65.791000 
2269.156000 
42.464000 
94.217000 
57.689000 
59.086000 
1596.091000 
72.495000 
57.969000 
54.826000 
66.699000 
2884.462000 
64.744000 
3969.940000 
38.623000 
97.010000 
38.762000 
1782.919000 
75.498000 
46.235000 
32.476000 
83.321000 
64.184000 
35.270000 
96.382000 
60.972000 
32.896000 
1310.229000 
65.721000 
32.966000 
112.584000 
55.105000 
36.248000 
1242.972000 
69.633000 
38.064000 
44.210000 
40.368000 
19.276000 
2062.913000 
51.194000 
37.156000 
86.952000 
35.410000 
1647.704000 
78.153000 
39.670000 
75.010000 
38.552000 
2600.066000 
28.565000 
20.114000 
31.009000 
1645.609000 
59.156000 
844.525000 
20.115000 
71.658000 
40.858000 
139.823000 
39.042000 
35.270000 
20.534000 
70.331000 
36.737000 
78.781000 
35.619000 
93.448000 
42.883000 
62.928000 
57.200000 
83.042000 
36.737000 
42.953000 
726.912000 
647.502000 
27.657000 
720.068000 
2313.575000 
79.620000 
33.874000 
30.521000 
750.589000 
62.997000 
198.001000 
97.149000 
1680.321000 
692.061000 
37.645000 
87.093000 
121.943000 
77.873000 
39.111000 
62.508000 
1610.619000 
75.987000 
150.020000 
24.375000 
36.737000 
21.232000 
74.800000 
2055.370000 
2017.586000 
97.918000 
1479.805000 
655.185000 
86.813000 
909.129000 
140.382000 
58.597000 
1498.104000 
27.657000 
974.780000 
1176.832000 
123.760000 
61.042000 
57.200000 
29.612000 
57.200000 
64.813000 
32.406000 
9384.277000 
44.909000 
67.118000 
67.677000 
47.073000 
20.463000 
132.909000 
49.517000 
70.401000 
49.169000 
73.893000 
41.556000 
57.829000 
64.464000 
79.620000 
60.832000 
2452.700000 
29.823000 
55.734000 
25.632000 
41.835000 
34.292000 
1213.569000 
52.451000 
45.886000 
46.306000 
54.267000 
93.099000 
47.702000 
26.750000 
19.137000 
134.096000 
68.655000 
124.737000 
70.051000 
850.671000 
1076.400000 
39.670000 
26.190000 
41.765000 
53.918000 
141.010000 
66.838000 
36.248000 
2122.488000 
83.321000 
35.759000 
81.505000 
83.949000 
1187.588000 
33.594000 
25.772000 
32.406000 
106.369000 
31.708000 
1734.588000 
53.079000 
107.905000 
54.756000 
1504.808000 
1025.974000 
53.290000 
48.401000 
939.790000 
832.233000 
2033.999000 
90.794000 
38.552000 
2414.845000 
85.347000 
37.645000 
62.508000 
59.994000 
176.909000 
50.984000 
27.658000 
1093.162000 
1918.481000 
42.883000 
57.689000 
27.727000 
1127.524000 
60.623000 
45.886000 
33.664000 
1250.166000 
1730.397000 
39.670000 
27.378000 
60.134000 
83.391000 
50.845000 
36.108000 
56.921000 
79.270000 
65.791000 
33.384000 
73.613000 
1704.765000 
54.336000 
44.489000 
54.267000 
60.971000 
68.095000 
38.692000 
30.521000 
1777.121000 
80.947000 
53.778000 
67.257000 
61.530000 
63.905000 
1280.407000 
44.349000 
99.175000 
25545.223000 
114.470000 
69.772000 
1100.635000 
75.080000 
85.207000 
67.328000 
45.118000 
64.394000 
1543.851000 
71.937000 
54.616000 
39.251000 
87.652000 
50.146000 
839.148000 
20.604000 
77.105000 
47.073000 
45.187000 
1248.769000 
966.469000 
49.518000 
46.305000 
32.477000 
65.302000 
1463.533000 
50.635000 
52.451000 
57.271000 
88.001000 
792.843000 
47.632000 
1232.566000 
3020.234000 
77.105000 
54.547000 
69.213000 
1645.190000 
79.480000 
38.273000 
89.677000 
55.594000 
76.197000 
61.461000 
36.597000 
75.709000 
46.584000 
29.543000 
30.101000 
20.813000 
881.472000 
33.593000 
36.178000 
17.810000 
85.906000 
111.676000 
30.521000 
20.533000 
48.610000 
66.490000 
84.928000 
40.229000 
83.041000 
91.702000 
36.109000 
838.659000 
61.810000 
73.962000 
38.203000 
75.359000 
66.350000 
42.394000 
28.635000 
760.785000 
73.823000 
1314.630000 
41.486000 
60.134000 
55.454000 
68.375000 
38.692000 
65.232000 
85.557000 
2162.857000 
32.965000 
1670.404000 
41.416000 
937.205000 
45.816000 
72.915000 
2184.858000 
87.931000 
38.762000 
67.188000 
63.906000 
1206.725000 
66.419000 
35.829000 
92.261000 
1421.977000 
38.623000 
21.441000 
70.750000 
1442.510000 
31.708000 
1135.276000 
694.087000 
1633.737000 
76.197000 
42.603000 
811.630000 
78.223000 
47.702000 
36.038000 
59.994000 
66.000000 
74.731000 
37.575000 
63.206000 
32.826000 
46.166000 
22.349000 
71.448000 
67.118000 
1989.930000 
31.010000 
2263.429000 
34.152000 
49.029000 
768.818000 
31.708000 
31.708000 
36.667000 
27.098000 
1011.796000 
2271.670000 
1168.032000 
36.667000 
46.165000 
91.283000 
44.978000 
1342.217000 
910.106000 
32.197000 
1570.111000 
33.873000 
594.911000 
56.223000 
1553.279000 
46.375000 
1499.012000 
1930.424000 
46.305000 
80.667000 
47.632000 
901.586000 
43.931000 
863.732000 
23.676000 
67.607000 
82.623000 
85.626000 
57.690000 
1249.747000 
47.282000 
106.229000 
38.693000 
2539.164000 
2033.510000 
79.759000 
37.645000 
67.956000 
31.080000 
1123.264000 
30.591000 
31.499000 
1249.537000 
40.089000 
57.759000 
48.889000 
80.318000 
925.752000 
37.505000 
1543.641000 
131.442000 
920.164000 
828.671000 
99.455000 
49.727000 
1144.147000 
53.150000 
1344.662000 
45.747000 
25.772000 
33.314000 
70.331000 
55.314000 
33.385000 
53.079000 
47.283000 
52.311000 
20.952000 
82.483000 
66.838000 
38.064000 
88.280000 
70.400000 
42.254000 
69.213000 
57.271000 
1327.410000 
120.476000 
71.169000 
41.346000 
59.854000 
27.518000 
19.416000 
79.340000 
57.271000 
40.019000 
860.519000 
46.095000 
20.952000 
1123.403000 
1460.669000 
20.604000 
90.236000 
66.280000 
39.950000 
59.575000 
40.927000 
71.937000 
108.324000 
56.851000 
37.505000 
69.143000 
48.889000 
40.578000 
89.328000 
47.911000 
35.270000 
4490.471000 
59.575000 
32.756000 
81.995000 
53.778000 
34.851000 
63.905000 
45.048000 
36.178000 
31.917000 
41.416000 
26.120000 
1113.207000 
114.541000 
739.344000 
1270.350000 
116.915000 
46.444000 
59.645000 
44.139000 
1062.291000 
9068.663000 
676.417000 
53.429000 
43.931000 
87.302000 
2656.568000 
44.698000 
40.578000 
115.169000 
741.160000 
62.229000 
1207.982000 
53.359000 
21.931000 
1743.807000 
99.036000 
36.737000 
57.759000 
92.470000 
37.226000 
69.702000 
1682.835000 
37.295000 
944.469000 
1304.572000 
39.251000 
101.969000 
76.337000 
48190.898000 
49.518000 
25.003000 
37.016000 
52.660000 
49.239000 
1246.395000 
27.588000 
81.505000 
2625.069000 
86.255000 
33.874000 
69.423000 
61.530000 
35.759000 
40.648000 
82.902000 
37.994000 
76.756000 
35.340000 
26.191000 
58.178000 
1243.950000 
28.216000 
2269.226000 
57.619000 
951.942000 
84.858000 
1440.345000 
31.429000 
37.226000 
2477.843000 
65.721000 
43.930000 
71.308000 
1218.109000 
52.940000 
31.708000 
60.832000 
1446.352000 
54.826000 
81.575000 
69.493000 
72.985000 
39.321000 
43.442000 
76.686000 
32.197000 
61.460000 
83.531000 
61.810000 
34.362000 
2378.598000 
57.759000 
51.264000 
64.883000 
80.527000 
50.775000 
2082.888000 
75.499000 
38.134000 
75.918000 
83.461000 
37.086000 
2169.632000 
91.074000 
1061.803000 
41.277000 
61.950000 
63.417000 
60.483000 
61.531000 
83.042000 
55.734000 
1079.123000 
1266.021000 
64.394000 
20.743000 
77.384000 
84.857000 
34.851000 
83.391000 
149.042000 
58.248000 
62.229000 
67.187000 
51.823000 
40.857000 
7316.544000 
81.715000 
34.781000 
168.877000 
49.169000 
20.463000 
73.892000 
86.953000 
61.810000 
72.217000 
67.606000 
57.620000 
111.397000 
47.143000 
1089.740000 
87.721000 
47.073000 
38.762000 
7472.222000 
60.762000 
99.315000 
91.771000 
93.030000 
79.270000 
98.896000 
700.093000 
65.861000 
42.324000 
38.971000 
87.861000 
40.718000 
71.099000 
84.439000 
40.997000 
65.861000 
101.271000 
46.165000 
34.851000 
100.711000 
53.220000 
31.638000 
107.836000 
51.543000 
35.270000 
95.823000 
54.337000 
34.711000 
1148.896000 
65.791000 
40.159000 
98.687000 
56.921000 
32.896000 
56.781000 
70.680000 
30.521000 
75.848000 
37.226000 
51.962000 
95.474000 
61.391000 
80.038000 
1379.583000 
24.794000 
100.711000 
77.245000 
36.807000 
65.372000 
86.813000 
37.924000 
1455.640000 
109.233000 
35.689000 
31.988000 
2065.009000 
60.483000 
20.464000 
150.718000 
96.801000 
67.398000 
106.998000 
48.680000 
34.712000 
66.978000 
38.972000 
21.651000 
34.362000 
71.169000 
41.835000 
1846.055000 
82.483000 
37.296000 
68.515000 
69.562000 
47.074000 
73.264000 
85.836000 
38.972000 
2637.501000 
34.781000 
21.372000 
103.296000 
43.721000 
22.000000 
72.636000 
1311.766000 
40.927000 
92.750000 
102.319000 
56.851000 
35.758000 
100.293000 
58.737000 
33.804000 
1276.566000 
75.079000 
39.181000 
2479.659000 
64.882000 
34.711000 
67.816000 
39.531000 
3322.508000 
1572.556000 
69.562000 
2232.489000 
89.328000 
40.438000 
146.318000 
1093.232000 
48.261000 
65.302000 
83.321000 
58.667000 
36.248000 
1295.633000 
77.315000 
41.975000 
71.448000 
29.334000 
937.136000 
82.343000 
47.074000 
31.987000 
84.578000 
57.131000 
31.918000 
1405.774000 
49.029000 
32.476000 
76.825000 
48.540000 
34.362000 
83.950000 
37.785000 
37.226000 
64.534000 
94.007000 
38.972000 
2856.944000 
1353.602000 
60.413000 
62.928000 
65.861000 
85.137000 
1257.500000 
52.102000 
1070.394000 
911.225000 
53.499000 
82.483000 
133.677000 
22.489000 
1425.399000 
200.306000 
52.800000 
111.188000 
54.127000 
22.140000 
187.525000 
81.575000 
50.217000 
66.769000 
35.759000 
76.337000 
39.740000 
42.394000 
1360.865000 
64.813000 
1115.581000 
58.038000 
37.505000 
44.209000 
126.833000 
55.874000 
63.346000 
910.456000 
72.985000 
37.225000 
91.214000 
38.133000 
1009.771000 
106.299000 
52.870000 
48.819000 
77.664000 
56.292000 
36.946000 
37.784000 
50.286000 
19.975000 
717.344000 
54.966000 
80.109000 
73.473000 
91.353000 
103.086000 
1401.652000 
64.464000 
75.219000 
1083.175000 
44.419000 
106.509000 
101.759000 
54.895000 
134.584000 
103.366000 
50.496000 
37.645000 
92.820000 
49.587000 
36.597000 
122.991000 
88.839000 
68.794000 
111.537000 
71.378000 
84.648000 
956.552000 
62.369000 
34.991000 
97.219000 
78.572000 
61.461000 
107.696000 
59.925000 
37.505000 
974.850000 
77.734000 
42.883000 
1280.198000 
53.429000 
1004.672000 
1303.525000 
78.642000 
53.429000 
1104.127000 
50.216000 
32.197000 
202.610000 
39.041000 
26.959000 
85.417000 
778.805000 
45.258000 
62.020000 
2311.550000 
56.153000 
1070.324000 
2733.533000 
211.760000 
721.325000 
88.699000 
102.597000 
107.486000 
30.101000 
60.063000 
77.175000 
85.067000 
2868.607000 
63.416000 
68.934000 
1752.467000 
59.086000 
57.689000 
65.302000 
41.137000 
60.553000 
837.332000 
21.441000 
74.381000 
72.566000 
39.042000 
56.083000 
2359.042000 
83.251000 
32.476000 
58.597000 
12156.782000 
45.747000 
80.667000 
56.362000 
28.077000 
19.626000 
79.061000 
80.598000 
52.870000 
71.658000 
88.071000 
37.994000 
66.350000 
773.846000 
40.508000 
1425.329000 
91.493000 
39.461000 
89.258000 
49.518000 
36.038000 
1534.212000 
48.959000 
36.667000 
80.527000 
48.889000 
37.016000 
31.918000 
41.137000 
18.578000 
97.080000 
72.426000 
37.785000 
2248.483000 
1143.029000 
27.169000 
85.347000 
88.769000 
1384.123000 
65.721000 
3786.956000 
30.800000 
1109.365000 
2303.099000 
48.051000 
2290.109000 
56.711000 
26.609000 
991.124000 
57.340000 
1776.424000 
63.836000 
88.629000 
52.242000 
48.610000 
818.474000 
2052.926000 
781.319000 
22.489000 
92.540000 
68.934000 
34.781000 
84.020000 
1320.637000 
84.857000 
40.648000 
344.459000 
1024.089000 
38.902000 
547.698000 
91.981000 
63.905000 
33.734000 
76.407000 
50.216000 
34.083000 
83.461000 
59.435000 
831.046000 
3808.746000 
30.940000 
19.416000 
911.225000 
47.492000 
23.816000 
64.883000 
72.426000 
40.159000 
56.363000 
2260.426000 
40.159000 
64.394000 
2201.270000 
50.007000 
66.000000 
67.816000 
72.915000 
35.689000 
4097.192000 
33.803000 
2253.372000 
21.092000 
76.197000 
2215.169000 
39.181000 
129.696000 
69.981000 
62.019000 
35.689000 
66.699000 
79.480000 
83.880000 
1222.579000 
22.978000 
40.857000 
1555.165000 
40.578000 
71.169000 
34.432000 
85.417000 
85.696000 
1320.357000 
57.759000 
1841.166000 
7630.413000 
246.541000 
60.064000 
57.690000 
57.899000 
56.641000 
109.582000 
47.911000 
33.594000 
104.413000 
60.553000 
32.686000 
35.759000 
20.114000 
57.270000 
33.804000 
40.578000 
24.235000 
647.432000 
67.187000 
29.055000 
29.124000 
111.607000 
49.099000 
61.810000 
123.550000 
59.575000 
52.521000 
112.165000 
53.080000 
61.741000 
52.451000 
30.451000 
23.397000 
1338.376000 
43.302000 
23.397000 
105.112000 
59.994000 
47.632000 
46.165000 
24.724000 
20.533000 
1148.546000 
50.775000 
36.317000 
72.426000 
34.851000 
53.289000 
75.429000 
52.940000 
35.689000 
71.379000 
883.637000 
42.464000 
65.372000 
41.905000 
22.419000 
76.128000 
1786.341000 
48.819000 
59.575000 
2628.562000 
41.346000 
72.496000 
2276.001000 
39.251000 
68.794000 
70.191000 
41.626000 
65.092000 
67.886000 
40.648000 
36.876000 
75.638000 
37.505000 
58.248000 
167.131000 
102.527000 
39.530000 
65.162000 
60.623000 
32.477000 
55.245000 
2611.870000 
57.200000 
71.378000 
87.791000 
611.185000 
102.947000 
76.267000 
57.549000 
80.249000 
890.900000 
47.283000 
1398.090000 
118.172000 
76.337000 
24845.688000 
51.333000 
22.140000 
68.096000 
107.347000 
52.381000 
41.067000 
81.645000 
2311.061000 
40.159000 
30.312000 
59.226000 
176.630000 
65.791000 
60.972000 
1757.775000 
68.165000 
37.994000 
217.487000 
78.781000 
40.508000 
59.644000 
41.905000 
38.204000 
19.067000 
86.324000 
48.191000 
37.086000 
84.019000 
86.674000 
36.527000 
80.877000 
64.394000 
77.175000 
1471.425000 
8548.831000 
75.639000 
2055.231000 
1141.841000 
59.574000 
2843.953000 
52.730000 
2034.488000 
2220.337000 
435.742000 
1104.057000 
81.225000 
37.086000 
216.230000 
64.883000 
71.588000 
1070.672000 
16491.925000 
40.229000 
74.311000 
22.349000 
4492.915000 
706.937000 
38.622000 
83.531000 
32.407000 
66.628000 
82.902000 
98.756000 
737.248000 
30.520000 
34.152000 
20.743000 
2168.864000 
98.617000 
39.740000 
71.867000 
77.385000 
1503.342000 
1319.798000 
74.940000 
44.978000 
90.375000 
36.806000 
21.791000 
33.384000 
63.975000 
991.821000 
59.366000 
879.237000 
38.273000 
1465.069000 
83.251000 
38.483000 
39.531000 
84.438000 
40.019000 
97.849000 
901.516000 
26.680000 
73.404000 
70.960000 
84.299000 
91.004000 
932.526000 
52.940000 
673.972000 
51.473000 
50.495000 
42.813000 
78.711000 
30.521000 
61.531000 
45.886000 
26.609000 
56.152000 
35.130000 
22.908000 
30.102000 
58.876000 
50.286000 
78.712000 
35.758000 
75.009000 
62.019000 
32.477000 
42.464000 
58.178000 
84.509000 
1005.790000 
1185.702000 
73.334000 
35.758000 
1632.060000 
2348.985000 
24.305000 
75.848000 
67.676000 
53.009000 
46.165000 
985.536000 
35.131000 
36.806000 
78.921000 
91.074000 
43.442000 
40.438000 
5433.962000 
158.401000 
74.032000 
35.410000 
50.705000 
98.407000 
52.032000 
51.124000 
146.877000 
54.546000 
37.296000 
55.314000 
1343.195000 
89.677000 
104.902000 
1720.410000 
44.769000 
103.157000 
880.634000 
53.918000 
49.029000 
35.829000 
32.895000 
70.471000 
987.281000 
1179.766000 
71.937000 
70.261000 
67.117000 
90.236000 
93.238000 
41.277000 
1214.408000 
99.664000 
36.178000 
84.928000 
59.086000 
24.305000 
18.927000 
727.402000 
52.661000 
36.178000 
60.553000 
36.318000 
22.349000 
50.076000 
1704.067000 
41.486000 
62.718000 
68.934000 
39.531000 
57.620000 
77.245000 
57.969000 
51.543000 
52.451000 
25.702000 
17.810000 
32.896000 
84.858000 
43.232000 
1098.120000 
85.276000 
52.381000 
76.127000 
1674.873000 
65.302000 
75.988000 
79.689000 
36.806000 
2992.576000 
1804.709000 
120.616000 
57.759000 
63.416000 
41.975000 
2684.575000 
38.692000 
1245.836000 
572.632000 
24.724000 
72.006000 
1601.330000 
26.609000 
877.491000 
120.407000 
71.518000 
121.734000 
51.124000 
44.838000 
91.772000 
103.505000 
108.883000 
98.058000 
138.915000 
1105.105000 
37.226000 
125.924000 
69.562000 
109.302000 
1374.345000 
43.511000 
35.758000 
82.274000 
2233.886000 
40.857000 
1741.013000 
4474.477000 
58.597000 
56.781000 
33.385000 
24.165000 
79.270000 
32.686000 
1194.922000 
80.528000 
42.254000 
86.324000 
718.462000 
60.902000 
1157.067000 
1770.836000 
52.521000 
75.708000 
88.699000 
37.714000 
32.476000 
136.540000 
77.733000 
89.606000 
60.902000 
47.004000 
21.860000 
75.848000 
1956.475000 
89.327000 
37.156000 
54.896000 
34.222000 
69.772000 
93.588000 
51.543000 
39.111000 
68.724000 
37.575000 
72.007000 
38.274000 
82.902000 
1788.925000 
62.927000 
50.985000 
55.315000 
55.314000 
31.010000 
25.143000 
56.781000 
47.772000 
95.683000 
39.670000 
59.645000 
37.645000 
1301.080000 
62.020000 
2455.843000 
27.727000 
2174.940000 
55.314000 
70.610000 
74.940000 
56.502000 
62.229000 
72.985000 
35.130000 
62.019000 
62.509000 
32.756000 
758.061000 
54.686000 
89.956000 
38.133000 
593.305000 
57.270000 
1733.471000 
41.835000 
34.711000 
1077.937000 
1533.862000 
83.740000 
40.368000 
1251.773000 
75.289000 
3466.592000 
24.794000 
81.435000 
29.543000 
753.452000 
41.416000 
67.048000 
98.267000 
81.505000 
36.178000 
55.455000 
72.915000 
69.982000 
86.883000 
39.042000 
1517.939000 
61.531000 
71.658000 
1197.646000 
2069.758000 
1408.008000 
1145.892000 
35.270000 
57.270000 
32.825000 
72.356000 
65.302000 
21.302000 
60.064000 
91.073000 
81.365000 
37.086000 
778.944000 
64.743000 
1355.696000 
41.486000 
93.030000 
50.566000 
94.845000 
30.521000 
91.074000 
61.461000 
35.340000 
34.362000 
1544.898000 
48.470000 
83.042000 
36.667000 
2169.701000 
46.794000 
55.175000 
1203.442000 
57.131000 
61.949000 
34.921000 
40.997000 
53.359000 
28.146000 
19.136000 
2587.914000 
62.019000 
1563.127000 
46.305000 
51.054000 
1071.791000 
50.286000 
44.908000 
36.178000 
32.616000 
46.794000 
36.457000 
47.772000 
36.876000 
88.140000 
40.927000 
72.496000 
77.385000 
42.882000 
38.622000 
59.714000 
30.521000 
980.996000 
1477.570000 
24.724000 
74.032000 
64.883000 
2206.020000 
50.636000 
32.406000 
6641.944000 
85.486000 
861.706000 
23.397000 
30.381000 
85.347000 
1380.491000 
38.623000 
68.654000 
75.987000 
38.063000 
23.816000 
82.413000 
66.000000 
73.543000 
1637.718000 
64.394000 
75.010000 
50.775000 
89.467000 
42.324000 
754.011000 
20.952000 
1298.706000 
53.010000 
72.147000 
41.626000 
85.416000 
1069.067000 
3421.334000 
64.603000 
44.210000 
1119.422000 
47.563000 
2979.306000 
51.613000 
1000.203000 
22.349000 
78.362000 
23.816000 
1597.000000 
53.219000 
38.972000 
149.671000 
135.842000 
94.496000 
142.896000 
48.260000 
1287.951000 
79.270000 
111.327000 
1138.280000 
51.543000 
138.775000 
73.124000 
95.892000 
72.914000 
1249.328000 
1650.219000 
22.280000 
57.340000 
109.861000 
111.328000 
82.134000 
71.448000 
71.518000 
50.426000 
35.969000 
66.839000 
60.413000 
82.344000 
52.452000 
40.857000 
78.921000 
119.709000 
70.261000 
134.027000 
2023.732000 
101.899000 
95.822000 
61.530000 
2128.216000 
39.879000 
19.136000 
30.940000 
756.176000 
1710.911000 
66.699000 
70.959000 
52.521000 
47.492000 
35.549000 
57.270000 
66.559000 
68.026000 
39.391000 
162.243000 
71.448000 
52.801000 
35.340000 
83.461000 
96.871000 
83.531000 
1400.675000 
32.966000 
69.982000 
20.603000 
56.292000 
87.931000 
1164.540000 
75.499000 
37.156000 
6556.039000 
70.121000 
43.861000 
22.419000 
1374.974000 
84.369000 
43.721000 
623.197000 
3148.533000 
55.315000 
68.375000 
56.781000 
34.292000 
1110.831000 
58.179000 
58.178000 
61.950000 
861.846000 
57.968000 
44.280000 
876.024000 
100.153000 
36.667000 
37.505000 
54.895000 
69.214000 
38.273000 
1190.871000 
62.508000 
80.667000 
43.092000 
70.121000 
1414.643000 
75.429000 
55.734000 
45.118000 
3017.579000 
33.874000 
75.010000 
49.937000 
34.921000 
30.590000 
63.905000 
84.858000 
38.692000 
884.196000 
1093.022000 
46.654000 
1272.026000 
46.096000 
66.699000 
63.975000 
63.486000 
91.144000 
53.080000 
773.986000 
1747.857000 
2143.860000 
57.759000 
34.292000 
70.470000 
1650.708000 
48.750000 
34.781000 
62.927000 
21094.351000 
80.597000 
32.965000 
93.937000 
63.207000 
73.893000 
36.667000 
832.233000 
37.854000 
62.927000 
60.134000 
1561.241000 
39.251000 
84.718000 
39.041000 
44.209000 
34.292000 
26.261000 
20.534000 
1935.104000 
75.150000 
50.915000 
33.454000 
78.711000 
1230.820000 
32.407000 
20.045000 
84.927000 
35.619000 
68.445000 
37.225000 
154.979000 
24.864000 
69.632000 
38.134000 
789.421000 
41.625000 
122.782000 
1402.561000 
67.397000 
43.511000 
30.101000 
67.257000 
108.813000 
38.133000 
57.270000 
940.069000 
84.508000 
37.156000 
78.362000 
55.384000 
100.013000 
52.940000 
3272.431000 
50.635000 
21.302000 
87.931000 
51.473000 
72.845000 
53.917000 
97.708000 
52.590000 
39.181000 
77.734000 
68.305000 
99.036000 
81.785000 
70.750000 
43.791000 
50.007000 
44.838000 
673.414000 
29.963000 
1799.052000 
39.530000 
919.675000 
78.223000 
46.934000 
82.413000 
38.692000 
42.464000 
24.724000 
51.054000 
35.270000 
103.855000 
69.422000 
52.940000 
1638.905000 
73.543000 
53.568000 
28.565000 
75.918000 
44.209000 
72.776000 
46.235000 
27.169000 
67.187000 
50.705000 
31.289000 
37.784000 
2530.853000 
29.473000 
38.133000 
35.619000 
44.838000 
46.235000 
785.719000 
34.362000 
1253.379000 
48.051000 
43.232000 
115.029000 
5858.250000 
89.816000 
32.966000 
82.064000 
1238.642000 
79.550000 
41.137000 
1533.724000 
724.608000 
67.537000 
57.689000 
58.667000 
55.804000 
65.581000 
33.314000 
26.679000 
1213.080000 
33.245000 
620.333000 
30.102000 
123.969000 
71.518000 
60.832000 
1998.729000 
129.277000 
7772.262000 
51.473000 
42.952000 
77.315000 
1407.589000 
1237.455000 
47.492000 
32.406000 
59.854000 
30.311000 
23.956000 
34.083000 
1349.551000 
32.406000 
23.466000 
36.528000 
1197.016000 
41.835000 
22.140000 
59.086000 
2882.715000 
50.076000 
29.543000 
34.362000 
43.791000 
930.082000 
49.238000 
2085.892000 
70.750000 
1119.004000 
22.419000 
32.406000 
56.222000 
69.702000 
39.042000 
57.759000 
69.213000 
1125.778000 
68.235000 
37.714000 
62.438000 
72.566000 
798.151000 
40.508000 
73.404000 
64.813000 
3025.123000 
98.617000 
45.746000 
79.201000 
110.629000 
724.607000 
45.257000 
150.998000 
93.448000 
56.223000 
36.667000 
77.594000 
54.825000 
103.505000 
1311.696000 
98.337000 
112.654000 
54.477000 
52.451000 
53.080000 
96.381000 
60.203000 
37.575000 
2389.773000 
60.623000 
38.483000 
97.080000 
98.337000 
116.845000 
1002.228000 
94.286000 
59.086000 
76.686000 
105.880000 
54.337000 
62.997000 
2068.780000 
77.943000 
1279.989000 
23.607000 
53.498000 
142.547000 
49.587000 
45.118000 
70.680000 
65.721000 
87.092000 
978.063000 
59.155000 
31.080000 
56.712000 
73.333000 
35.759000 
59.714000 
1141.213000 
80.039000 
70.051000 
39.670000 
31.428000 
40.369000 
30.591000 
1369.875000 
38.553000 
1186.191000 
1084.711000 
97.360000 
52.311000 
102.667000 
540.086000 
35.270000 
24.235000 
1351.227000 
21.511000 
893.485000 
36.318000 
61.042000 
25.213000 
36.806000 
52.032000 
41.137000 
57.131000 
1015.568000 
1298.356000 
98.687000 
81.156000 
781.389000 
1018.221000 
68.025000 
49.448000 
35.899000 
71.169000 
558.804000 
106.229000 
36.737000 
1193.734000 
48.470000 
90.166000 
42.464000 
36.457000 
1086.038000 
1648.054000 
48.680000 
1562.987000 
31.428000 
86.673000 
37.156000 
68.585000 
60.064000 
84.020000 
44.559000 
56.432000 
1356.466000 
70.679000 
51.473000 
60.273000 
73.124000 
1288.929000 
985.326000 
43.790000 
81.086000 
1333.557000 
65.302000 
61.949000 
41.974000 
82.204000 
38.483000 
33.454000 
62.927000 
87.232000 
50.915000 
31.219000 
82.413000 
70.680000 
49.168000 
34.292000 
46.166000 
874.348000 
55.943000 
35.479000 
58.598000 
75.709000 
37.714000 
36.318000 
55.804000 
2583.933000 
56.153000 
54.616000 
1098.330000 
1057.403000 
65.581000 
58.178000 
35.270000 
91.283000 
54.267000 
45.747000 
32.337000 
44.838000 
34.571000 
19.416000 
35.061000 
82.623000 
52.521000 
34.781000 
42.254000 
83.949000 
57.340000 
47.073000 
845.294000 
93.588000 
70.470000 
36.806000 
58.038000 
30.032000 
30.032000 
82.483000 
41.905000 
2554.669000 
27.238000 
38.622000 
19.625000 
56.363000 
71.378000 
35.480000 
37.994000 
59.086000 
51.054000 
32.476000 
38.692000 
32.407000 
1265.112000 
58.109000 
56.013000 
92.960000 
60.693000 
82.064000 
41.067000 
950.615000 
44.001000 
1046.019000 
48.749000 
1281.246000 
39.950000 
71.657000 
47.632000 
1760.709000 
48.539000 
45.188000 
1008.863000 
693.598000 
35.340000 
23.816000 
1665.654000 
16627.976000 
51.055000 
43.581000 
33.663000 
75.290000 
42.953000 
84.927000 
38.273000 
102.038000 
49.448000 
46.096000 
736.620000 
73.333000 
35.339000 
41.905000 
27.168000 
54.756000 
24.375000 
89.747000 
47.143000 
54.197000 
25.212000 
25.771000 
1573.673000 
63.486000 
43.861000 
3474.694000 
40.997000 
2116.273000 
49.098000 
75.638000 
42.813000 
64.813000 
103.226000 
1648.752000 
41.416000 
66.279000 
75.220000 
73.823000 
39.461000 
66.070000 
111.746000 
994.056000 
50.146000 
76.756000 
58.597000 
90.794000 
42.254000 
93.518000 
57.619000 
96.870000 
54.826000 
892.577000 
20.394000 
88.280000 
100.153000 
33.873000 
58.248000 
22.908000 
1754.632000 
105.531000 
59.156000 
55.385000 
68.095000 
84.439000 
72.915000 
48.610000 
74.801000 
64.603000 
40.998000 
1106.012000 
96.871000 
40.019000 
32.336000 
59.087000 
33.873000 
749.192000 
59.505000 
74.241000 
75.639000 
39.950000 
94.426000 
96.730000 
37.295000 
990.704000 
2165.092000 
76.407000 
38.133000 
6974.390000 
36.248000 
61.112000 
80.947000 
83.321000 
37.155000 
86.813000 
45.816000 
16353.848000 
94.706000 
51.473000 
35.340000 
48.470000 
83.670000 
46.025000 
33.385000 
82.622000 
85.905000 
42.394000 
35.829000 
68.864000 
87.512000 
38.413000 
87.791000 
298.155000 
54.895000 
157.353000 
929.523000 
1407.170000 
1012.285000 
22.978000 
2180.737000 
76.337000 
101.340000 
40.578000 
88.769000 
1843.052000 
64.394000 
40.439000 
47.143000 
86.534000 
45.886000 
851.719000 
26.121000 
89.607000 
59.854000 
73.125000 
37.575000 
87.721000 
41.416000 
1285.576000 
62.997000 
81.295000 
929.873000 
44.699000 
1729.280000 
913.668000 
924.284000 
42.813000 
57.270000 
53.429000 
1139.398000 
79.968000 
53.918000 
63.696000 
9984.217000 
71.239000 
34.292000 
70.680000 
105.950000 
53.080000 
35.899000 
32.407000 
45.956000 
835.935000 
47.143000 
44.908000 
74.312000 
875.186000 
22.977000 
122.992000 
56.153000 
55.803000 
35.410000 
24.165000 
81.645000 
982.393000 
90.375000 
47.213000 
63.276000 
820.570000 
47.353000 
34.502000 
20.045000 
80.667000 
61.461000 
46.725000 
56.153000 
54.406000 
91.213000 
56.013000 
38.134000 
1654.549000 
56.781000 
64.883000 
553.356000 
40.368000 
92.959000 
32.476000 
76.686000 
38.552000 
34.293000 
1407.868000 
49.658000 
55.105000 
36.178000 
82.623000 
40.997000 
64.254000 
1361.075000 
72.565000 
62.438000 
1424.282000 
1141.981000 
1287.182000 
69.004000 
39.181000 
29.962000 
56.851000 
65.162000 
38.622000 
80.946000 
37.436000 
872.881000 
39.111000 
62.997000 
59.715000 
97.569000 
41.905000 
72.635000 
1438.459000 
995.034000 
73.124000 
34.292000 
61.600000 
770.703000 
85.765000 
55.175000 
32.407000 
35.968000 
835.447000 
68.585000 
34.292000 
708.754000 
106.788000 
38.064000 
59.575000 
69.492000 
58.248000 
2026.246000 
30.940000 
69.143000 
68.165000 
31.289000 
1313.652000 
1210.495000 
56.153000 
32.825000 
1193.874000 
66.280000 
84.788000 
39.949000 
53.848000 
122.991000 
96.731000 
46.584000 
76.826000 
66.699000 
31.498000 
1148.895000 
71.448000 
72.146000 
44.349000 
80.108000 
902.005000 
69.144000 
37.155000 
57.829000 
1106.851000 
55.454000 
77.943000 
55.036000 
46.585000 
151.835000 
65.721000 
33.594000 
56.711000 
31.499000 
69.073000 
35.689000 
31.010000 
35.340000 
83.391000 
49.658000 
1415.831000 
31.499000 
116.427000 
47.003000 
2165.861000 
77.595000 
66.838000 
35.340000 
62.997000 
66.210000 
95.892000 
38.133000 
49.657000 
950.546000 
83.461000 
44.838000 
64.534000 
35.270000 
69.982000 
51.753000 
1408.986000 
58.597000 
102.109000 
62.020000 
36.178000 
41.835000 
81.435000 
38.623000 
35.689000 
30.102000 
1437.132000 
63.486000 
34.991000 
69.702000 
90.654000 
43.442000 
62.927000 
56.292000 
4327.879000 
67.187000 
50.076000 
55.175000 
73.404000 
78.782000 
152.674000 
67.118000 
57.689000 
737.808000 
44.768000 
61.321000 
77.943000 
70.400000 
46.654000 
32.476000 
91.562000 
110.559000 
86.324000 
73.893000 
52.521000 
138.286000 
72.635000 
56.292000 
22.349000 
94.426000 
41.067000 
85.906000 
38.133000 
66.210000 
37.575000 
44.489000 
22.070000 
98.198000 
40.578000 
27.098000 
19.206000 
1181.442000 
2477.145000 
54.407000 
35.340000 
1035.543000 
1556.282000 
50.635000 
35.898000 
105.740000 
1046.438000 
70.470000 
60.623000 
35.829000 
1351.296000 
29.124000 
22.978000 
20.883000 
874.348000 
74.661000 
53.709000 
33.385000 
117.264000 
68.096000 
57.270000 
47.283000 
1019.269000 
52.381000 
27.099000 
20.883000 
91.143000 
819.522000 
69.702000 
58.597000 
56.153000 
1768.391000 
64.394000 
34.571000 
42.743000 
5474.331000 
37.226000 
28.705000 
59.575000 
627.178000 
111.467000 
48.750000 
43.930000 
1286.414000 
103.156000 
38.623000 
77.315000 
38.692000 
77.734000 
65.302000 
1334.535000 
899.701000 
39.182000 
73.473000 
42.394000 
75.848000 
56.292000 
22.908000 
2011.719000 
80.178000 
64.394000 
32.965000 
76.826000 
73.753000 
66.769000 
41.486000 
1294.795000 
84.298000 
49.728000 
43.371000 
743.046000 
55.874000 
112.584000 
90.724000 
50.007000 
484.771000 
48.331000 
47.702000 
39.390000 
93.449000 
57.899000 
32.476000 
75.848000 
59.575000 
85.416000 
51.124000 
37.645000 
2932.931000 
60.972000 
57.619000 
78.572000 
84.369000 
1183.607000 
38.622000 
31.010000 
96.312000 
60.413000 
36.178000 
76.616000 
95.403000 
71.867000 
61.670000 
2768.315000 
95.404000 
581.572000 
92.051000 
55.245000 
199.887000 
73.963000 
56.432000 
36.178000 
790.957000 
433.298000 
78.083000 
40.159000 
55.314000 
164.616000 
112.515000 
73.334000 
80.038000 
962.139000 
70.749000 
39.949000 
59.575000 
93.029000 
2981.332000 
277.621000 
71.658000 
97.360000 
127.461000 
105.112000 
69.563000 
63.905000 
88.699000 
2526.663000 
55.245000 
35.340000 
1241.715000 
35.270000 
25.283000 
25.212000 
18.578000 
102.947000 
48.959000 
33.874000 
30.520000 
2408.281000 
50.915000 
61.880000 
3185.479000 
86.813000 
34.572000 
91.213000 
47.143000 
68.934000 
821.198000 
30.381000 
3180.450000 
85.556000 
44.908000 
1203.023000 
22.838000 
1418.484000 
51.543000 
704.284000 
50.845000 
69.981000 
54.337000 
3994.105000 
39.181000 
44.350000 
988.748000 
1548.321000 
52.940000 
78.852000 
59.644000 
91.563000 
37.086000 
56.153000 
1432.173000 
83.182000 
36.387000 
79.061000 
71.168000 
45.677000 
34.782000 
36.806000 
57.550000 
45.676000 
37.575000 
1114.115000 
82.693000 
58.597000 
32.407000 
74.102000 
109.233000 
3813.286000 
149.531000 
47.492000 
54.756000 
1605.939000 
871.484000 
89.467000 
31.917000 
61.041000 
63.975000 
2049.993000 
65.790000 
35.480000 
25.771000 
1483.857000 
2034.069000 
144.432000 
35.969000 
72.775000 
554.612000 
92.121000 
831.535000 
23.467000 
956.412000 
34.292000 
2585.679000 
56.223000 
57.131000 
66.559000 
68.095000 
47.353000 
34.292000 
2170.400000 
1657.552000 
41.626000 
60.274000 
94.077000 
102.528000 
57.549000 
42.813000 
63.696000 
29.543000 
88.768000 
50.077000 
38.971000 
59.644000 
75.708000 
43.302000 
77.175000 
70.750000 
54.896000 
19.207000 
72.286000 
2048.596000 
72.566000 
37.715000 
34.781000 
77.873000 
68.654000 
39.530000 
56.362000 
69.492000 
90.934000 
50.147000 
38.622000 
1128.432000 
79.340000 
1302.408000 
47.003000 
1255.474000 
1210.636000 
79.968000 
40.787000 
1486.929000 
70.191000 
74.870000 
40.857000 
57.130000 
1353.462000 
31.917000 
58.597000 
62.229000 
36.178000 
1342.776000 
39.740000 
66.280000 
748.563000 
56.292000 
34.641000 
60.552000 
82.483000 
56.711000 
32.965000 
85.486000 
62.229000 
1322.662000 
49.168000 
69.283000 
93.448000 
57.690000 
27.378000 
36.178000 
35.829000 
86.045000 
44.839000 
35.759000 
59.715000 
67.607000 
26.191000 
58.597000 
927.148000 
56.432000 
69.004000 
42.813000 
1693.521000 
40.020000 
1310.789000 
76.337000 
51.963000 
79.061000 
40.997000 
86.953000 
120.197000 
70.121000 
76.687000 
35.759000 
131.512000 
64.883000 
105.321000 
73.613000 
38.972000 
101.899000 
68.375000 
48.680000 
35.270000 
68.235000 
181.448000 
899.561000 
72.356000 
18.299000 
34.571000 
111.048000 
81.366000 
49.937000 
94.705000 
963.745000 
91.422000 
68.096000 
3271.315000 
91.283000 
109.861000 
67.607000 
1808.550000 
56.153000 
36.178000 
35.619000 
39.111000 
58.388000 
67.188000 
40.578000 
1109.505000 
65.581000 
1096.933000 
38.622000 
73.962000 
74.102000 
52.381000 
28.635000 
67.327000 
60.064000 
1812.531000 
39.181000 
66.629000 
6355.942000 
118.801000 
53.778000 
74.870000 
2338.578000 
78.432000 
37.715000 
64.394000 
35.828000 
43.721000 
25.143000 
21.092000 
30.521000 
469.057000 
112.026000 
81.156000 
70.959000 
931.199000 
120.337000 
88.699000 
41.067000 
82.832000 
1074.584000 
87.232000 
1689.890000 
66.420000 
65.581000 
87.860000 
960.603000 
66.210000 
20.394000 
77.175000 
38.552000 
60.203000 
31.289000 
30.101000 
80.877000 
1328.319000 
85.696000 
44.210000 
57.340000 
51.054000 
943.003000 
44.000000 
75.359000 
2335.366000 
2467.577000 
47.632000 
1522.898000 
64.883000 
86.254000 
45.048000 
1227.188000 
1253.379000 
38.273000 
28.985000 
28.146000 
88.699000 
62.857000 
42.044000 
28.635000 
57.201000 
84.439000 
86.674000 
59.226000 
39.111000 
78.851000 
91.703000 
60.064000 
32.896000 
883.148000 
42.324000 
2017.796000 
1925.116000 
34.851000 
1616.276000 
53.848000 
1019.688000 
1253.169000 
38.552000 
20.114000 
27.936000 
1675.502000 
73.403000 
69.423000 
42.883000 
43.302000 
1016.825000 
91.772000 
953.618000 
55.804000 
26.680000 
63.486000 
108.394000 
60.972000 
22.349000 
1011.028000 
56.782000 
96.451000 
61.042000 
103.925000 
45.118000 
22.419000 
70.959000 
67.746000 
96.311000 
61.531000 
41.486000 
78.223000 
1915.199000 
66.280000 
75.709000 
92.051000 
1102.800000 
64.464000 
45.537000 
34.362000 
3275.436000 
44.838000 
69.772000 
1435.735000 
78.851000 
48.260000 
49.797000 
4641.539000 
60.413000 
71.448000 
41.347000 
37.575000 
1635.553000 
84.159000 
62.019000 
47.213000 
56.711000 
81.715000 
48.121000 
65.372000 
31.917000 
84.089000 
63.625000 
76.686000 
35.340000 
2549.640000 
75.569000 
34.293000 
27.727000 
62.997000 
76.407000 
36.667000 
119.220000 
3826.556000 
62.020000 
50.146000 
36.806000 
128.788000 
61.112000 
35.689000 
65.791000 
65.372000 
114.261000 
87.232000 
67.048000 
101.480000 
105.461000 
102.946000 
89.746000 
95.892000 
38.134000 
44.908000 
39.600000 
47.492000 
31.499000 
33.803000 
61.600000 
1735.426000 
29.124000 
19.137000 
1720.829000 
48.750000 
31.499000 
24.864000 
41.766000 
54.965000 
68.235000 
43.441000 
30.940000 
57.270000 
67.816000 
59.645000 
34.711000 
68.375000 
42.953000 
26.400000 
22.140000 
1449.704000 
36.387000 
24.375000 
1227.816000 
85.347000 
1503.063000 
49.447000 
75.708000 
97.360000 
1788.366000 
89.746000 
37.715000 
31.220000 
66.280000 
36.527000 
1207.423000 
2341.791000 
32.407000 
61.461000 
57.689000 
62.927000 
132.211000 
81.785000 
75.360000 
57.410000 
1003.485000 
56.781000 
62.997000 
130.185000 
102.667000 
1288.160000 
34.920000 
56.222000 
59.226000 
56.711000 
16528.871000 
59.645000 
57.270000 
68.934000 
72.425000 
46.724000 
139.334000 
44.279000 
77.873000 
82.483000 
37.295000 
76.267000 
48.680000 
23.397000 
24.305000 
134.585000 
53.778000 
36.248000 
37.086000 
27.377000 
741.090000 
70.191000 
39.041000 
74.731000 
2364.002000 
39.251000 
2161.250000 
81.924000 
37.644000 
71.937000 
67.676000 
42.534000 
55.874000 
72.146000 
42.953000 
36.248000 
75.918000 
127.671000 
3498.580000 
587.857000 
22.978000 
41.486000 
60.064000 
57.689000 
95.893000 
87.651000 
37.226000 
35.829000 
26.610000 
20.394000 
74.591000 
53.918000 
21212.174000 
1702.251000 
52.451000 
35.201000 
42.813000 
32.895000 
18.717000 
2922.805000 
69.423000 
41.835000 
1150.851000 
67.817000 
49.029000 
103.854000 
49.029000 
32.895000 
6671.138000 
49.099000 
31.917000 
60.552000 
1613.692000 
39.321000 
90.655000 
74.522000 
40.089000 
2006.132000 
1517.031000 
1233.893000 
34.152000 
1076.819000 
20.533000 
638.004000 
92.471000 
41.137000 
1416.598000 
1496.218000 
32.476000 
56.293000 
45.537000 
43.442000 
45.188000 
30.032000 
72.007000 
1145.893000 
1503.482000 
56.712000 
65.791000 
68.444000 
1049.790000 
22.978000 
1193.385000 
31.010000 
56.572000 
74.452000 
71.169000 
65.721000 
36.597000 
1569.063000 
86.953000 
1457.107000 
1189.264000 
57.829000 
93.448000 
4711.380000 
91.073000 
1802.055000 
4178.558000 
26.679000 
787.046000 
51.543000 
766.861000 
79.130000 
64.394000 
1351.157000 
90.725000 
850.322000 
34.223000 
87.861000 
60.623000 
1126.127000 
4228.285000 
39.111000 
2014.024000 
991.193000 
25.283000 
105.321000 
86.883000 
70.959000 
62.788000 
65.371000 
28.635000 
839.148000 
1338.795000 
32.476000 
1343.265000 
9073.831000 
84.020000 
60.343000 
71.937000 
80.528000 
76.058000 
35.689000 
31.917000 
62.927000 
2576.669000 
88.768000 
62.788000 
46.306000 
22.839000 
67.537000 
109.372000 
55.524000 
43.931000 
46.654000 
92.540000 
47.143000 
1279.290000 
91.702000 
45.955000 
80.946000 
87.652000 
58.108000 
41.416000 
66.838000 
77.663000 
44.210000 
61.460000 
956.761000 
45.607000 
91.562000 
72.565000 
60.343000 
34.851000 
4130.506000 
39.531000 
817.497000 
52.032000 
20.184000 
31.498000 
45.677000 
34.711000 
930.152000 
898.443000 
40.369000 
24.654000 
66.001000 
61.530000 
671.178000 
56.782000 
48.261000 
60.133000 
77.175000 
1924.627000 
57.201000 
84.508000 
44.698000 
91.633000 
39.111000 
37.225000 
84.508000 
80.318000 
184.591000 
24.235000 
36.457000 
56.711000 
74.800000 
53.778000 
1062.781000 
25.283000 
64.394000 
91.772000 
49.029000 
34.851000 
58.597000 
20.882000 
56.642000 
82.553000 
46.514000 
90.375000 
100.572000 
60.483000 
42.883000 
1558.587000 
28.146000 
34.851000 
1635.901000 
55.035000 
31.988000 
60.972000 
76.406000 
38.133000 
102.667000 
48.959000 
35.410000 
73.683000 
25.842000 
22.350000 
42.324000 
1005.511000 
57.201000 
1191.988000 
35.689000 
65.372000 
64.883000 
43.721000 
21.441000 
58.108000 
77.035000 
40.648000 
39.112000 
88.210000 
40.787000 
66.419000 
93.099000 
39.251000 
57.690000 
74.032000 
76.337000 
1072.838000 
65.372000 
68.794000 
72.007000 
64.883000 
92.540000 
56.711000 
1024.088000 
1292.420000 
80.318000 
45.328000 
73.682000 
790.189000 
54.756000 
57.968000 
1600.073000 
47.772000 
2084.355000 
79.549000 
41.486000 
47.074000 
29.124000 
61.950000 
60.623000 
57.201000 
76.476000 
930.989000 
80.109000 
1190.522000 
19.695000 
48.750000 
64.534000 
81.645000 
66.699000 
1325.595000 
710.918000 
1481.970000 
50.146000 
44.768000 
1033.657000 
81.505000 
82.902000 
111.467000 
60.553000 
76.407000 
39.460000 
34.362000 
1313.862000 
62.509000 
66.071000 
63.486000 
74.940000 
95.893000 
1554.327000 
97.778000 
1076.260000 
68.305000 
56.851000 
71.029000 
1234.172000 
55.245000 
66.350000 
61.041000 
58.807000 
637.096000 
1190.242000 
69.632000 
49.587000 
107.766000 
76.756000 
52.172000 
83.601000 
66.629000 
62.438000 
71.029000 
1590.015000 
286.979000 
77.943000 
74.521000 
69.772000 
59.575000 
173.766000 
70.052000 
1294.166000 
1203.582000 
2737.305000 
78.572000 
300.528000 
41.346000 
52.940000 
67.607000 
36.038000 
1194.921000 
74.381000 
85.347000 
30.031000 
1334.115000 
71.029000 
50.496000 
64.883000 
89.886000 
73.613000 
78.641000 
58.248000 
63.416000 
58.667000 
54.406000 
55.803000 
61.321000 
2216.984000 
71.797000 
1306.459000 
82.273000 
54.756000 
67.188000 
56.851000 
62.509000 
35.689000 
1402.561000 
34.641000 
1505.927000 
61.949000 
42.114000 
1258.966000 
97.499000 
87.861000 
51.334000 
63.696000 
67.328000 
48.610000 
603.711000 
1067.809000 
47.283000 
1199.531000 
70.680000 
1011.587000 
69.772000 
65.791000 
1426.167000 
30.102000 
62.997000 
94.915000 
56.222000 
56.711000 
100.502000 
68.654000 
63.207000 
84.648000 
46.515000 
108.743000 
48.749000 
130.115000 
31.987000 
1427.075000 
75.429000 
64.883000 
81.226000 
62.509000 
35.829000 
84.928000 
1215.943000 
40.089000 
103.086000 
81.855000 
66.768000 
97.848000 
46.934000 
1137.791000 
72.775000 
72.007000 
1410.243000 
170.623000 
76.896000 
55.315000 
33.803000 
69.283000 
64.883000 
93.448000 
74.871000 
80.108000 
70.260000 
85.626000 
1143.169000 
94.845000 
39.880000 
1193.524000 
60.483000 
59.435000 
59.715000 
60.064000 
62.229000 
62.020000 
64.603000 
77.106000 
1194.782000 
73.124000 
71.169000 
36.318000 
58.597000 
117.334000 
44.419000 
86.603000 
64.883000 
1117.817000 
65.302000 
65.791000 
37.924000 
68.584000 
50.915000 
112.096000 
662.588000 
82.064000 
47.352000 
65.791000 
42.045000 
79.899000 
54.267000 
81.087000 
82.064000 
66.489000 
1169.150000 
86.534000 
67.816000 
92.052000 
788.024000 
109.861000 
88.350000 
47.422000 
65.511000 
62.508000 
1221.182000 
44.978000 
4571.138000 
31.987000 
47.143000 
32.896000 
66.978000 
45.607000 
82.553000 
67.606000 
84.019000 
1221.391000 
91.353000 
42.534000 
1529.113000 
1139.048000 
837.193000 
100.572000 
49.797000 
1125.080000 
34.362000 
57.271000 
1160.489000 
90.515000 
79.131000 
45.816000 
560.689000 
65.302000 
63.836000 
65.512000 
85.417000 
115.309000 
102.388000 
1246.674000 
61.041000 
126.414000 
1048.813000 
62.508000 
49.239000 
73.893000 
3371.258000 
67.816000 
55.734000 
1138.000000 
1214.197000 
62.928000 
1122.147000 
68.725000 
98.616000 
74.870000 
58.178000 
54.896000 
56.083000 
50.216000 
65.791000 
79.270000 
52.242000 
6831.075000 
81.855000 
62.858000 
55.035000 
75.150000 
92.750000 
63.277000 
7112.677000 
127.112000 
1792.347000 
7304.601000 
58.108000 
57.270000 
73.125000 
1150.014000 
54.197000 
1007.186000 
71.448000 
41.905000 
1234.452000 
74.381000 
1627.730000 
858.843000 
83.252000 
45.327000 
1185.493000 
56.152000 
1426.656000 
62.857000 
700.652000 
841.312000 
67.746000 
1352.623000 
66.210000 
114.819000 
54.617000 
54.825000 
31.429000 
88.909000 
58.877000 
34.362000 
71.588000 
66.629000 
65.442000 
102.877000 
1166.775000 
60.972000 
1593.438000 
46.165000 
62.438000 
31.988000 
1211.334000 
69.562000 
34.362000 
373.443000 
32.896000 
947.892000 
70.749000 
56.432000 
68.514000 
1149.035000 
42.184000 
88.769000 
8853.830000 
88.280000 
70.470000 
1672.149000 
85.905000 
42.394000 
1409.964000 
118.452000 
1684.023000 
70.680000 
851.789000 
1500.828000 
1328.389000 
40.090000 
1244.300000 
67.677000 
1170.966000 
72.985000 
53.359000 
71.448000 
74.381000 
1107.130000 
61.671000 
54.057000 
73.893000 
60.343000 
1221.600000 
79.759000 
67.188000 
35.898000 
80.876000 
71.239000 
66.349000 
1260.852000 
1076.888000 
1164.330000 
506.422000 
955.434000 
1634.156000 
106.509000 
729.706000 
62.928000 
67.257000 
166.293000 
64.883000 
75.499000 
40.647000 
102.178000 
65.790000 
39.251000 
99.035000 
31.988000 
74.730000 
59.086000 
47.422000 
81.156000 
79.689000 
49.588000 
33.804000 
64.394000 
33.524000 
67.188000 
1233.405000 
41.905000 
437.139000 
183.334000 
544.555000 
88.210000 
1150.223000 
102.946000 
75.359000 
68.306000 
1159.302000 
81.576000 
1647.914000 
1203.442000 
1896.342000 
54.826000 
1236.547000 
3464.357000 
64.464000 
94.845000 
1429.310000 
76.267000 
718.811000 
994.266000 
1007.466000 
51.544000 
64.254000 
68.794000 
56.363000 
82.552000 
42.883000 
1412.478000 
80.946000 
80.109000 
68.514000 
33.594000 
849.345000 
48.539000 
89.886000 
69.912000 
1127.175000 
91.632000 
62.998000 
1054.609000 
955.923000 
74.312000 
832.722000 
61.461000 
62.578000 
81.296000 
62.299000 
65.302000 
62.508000 
1239.271000 
1046.508000 
58.178000 
46.095000 
61.252000 
33.314000 
66.490000 
3011.643000 
29.543000 
85.835000 
87.302000 
187.734000 
87.371000 
66.280000 
81.226000 
71.518000 
66.698000 
57.968000 
79.061000 
73.613000 
74.801000 
779.363000 
42.743000 
79.340000 
1245.487000 
59.156000 
1178.787000 
86.813000 
1652.105000 
32.896000 
78.921000 
76.965000 
71.588000 
78.571000 
54.825000 
1360.866000 
1251.912000 
32.406000 
56.641000 
1194.432000 
1103.219000 
56.782000 
75.359000 
118.731000 
73.753000 
95.893000 
64.813000 
1214.756000 
63.417000 
461.584000 
31.499000 
64.883000 
445.590000 
1318.471000 
83.321000 
63.905000 
55.385000 
61.740000 
64.394000 
96.032000 
857.796000 
1391.456000 
74.033000 
66.838000 
1428.402000 
49.378000 
71.378000 
62.508000 
87.791000 
85.766000 
63.417000 
286.281000 
1342.148000 
32.895000 
89.537000 
55.734000 
31.988000 
186.687000 
53.918000 
49.029000 
108.883000 
63.975000 
60.553000 
673.693000 
1243.601000 
32.895000 
1119.912000 
45.188000 
73.054000 
1629.895000 
60.064000 
34.991000 
31.010000 
